<?xml version="1.0" encoding="UTF-8"?>
<!-- Generated by org.testng.reporters.JUnitXMLReporter -->
<testsuite ignored="0" hostname="DESKTOP-UNVGE05" failures="0" tests="3" name="Testdemo" time="0.026" errors="0" timestamp="2023-04-04T07:56:37 AEST">
  <testcase classname="testng.annotation_class_1" name="class1_method1" time="0.003"/>
  <testcase classname="testng.annotation_class_2" name="class2_method1" time="0.001"/>
  <testcase classname="testng.annotation_class_2" name="class2_method2" time="0.001"/>
</testsuite> <!-- Testdemo -->
