<?xml version="1.0" encoding="UTF-8"?>
<!-- Generated by org.testng.reporters.JUnitXMLReporter -->
<testsuite ignored="0" hostname="DESKTOP-UNVGE05" failures="0" tests="4" name="Test" time="13.943" errors="0" timestamp="2023-04-03T18:48:36 AEST">
  <testcase classname="testng.firsttest" name="test1" time="0.006"/>
  <testcase classname="testng.firsttest" name="test2" time="0.0"/>
  <testcase classname="testng.firsttest" name="test3" time="0.0"/>
  <testcase classname="testng.second_test" name="TC002_login_applicaiton" time="2.995"/>
</testsuite> <!-- Test -->
